

*******************************************************************************
Tue Jan  3 19:27:47 2023


FIT:    data read from 'donnee_distribution_des_degres.dat' using (log($1)):(log($2))
        format = x:z
        #datapoints = 199
        residuals are weighted equally (unit weight)

function used for fitting: f(x)
	f(x) = lc - gamma * x
fitted parameters initialized with current variable values

iter      chisq       delta/lim  lambda   lc            gamma        
   0 7.9034085045e+03   0.00e+00  3.22e+00    1.000000e+00   1.000000e+00
   4 7.3525679675e+01  -1.58e-08  3.22e-04    2.342408e+00   2.705388e+00

After 4 iterations the fit converged.
final sum of squares of residuals : 73.5257
rel. change during last iteration : -1.58101e-13

degrees of freedom    (FIT_NDF)                        : 197
rms of residuals      (FIT_STDFIT) = sqrt(WSSR/ndf)    : 0.610923
variance of residuals (reduced chisquare) = WSSR/ndf   : 0.373227

Final set of parameters            Asymptotic Standard Error
=======================            ==========================
lc              = 2.34241          +/- 0.1971       (8.414%)
gamma           = 2.70539          +/- 0.04437      (1.64%)

correlation matrix of the fit parameters:
                lc     gamma  
lc              1.000 
gamma           0.976  1.000 


*******************************************************************************
Tue Jan  3 23:01:31 2023


FIT:    data read from "donnee_distribution_des_degres.dat" using (log($1)):(log($2))
        format = x:z
        #datapoints = 199
        residuals are weighted equally (unit weight)

function used for fitting: f(x)
	f(x) = lc - gamma * x
fitted parameters initialized with current variable values

iter      chisq       delta/lim  lambda   lc            gamma        
   0 7.9034085045e+03   0.00e+00  3.22e+00    1.000000e+00   1.000000e+00
   4 7.3525679675e+01  -1.58e-08  3.22e-04    2.342408e+00   2.705388e+00

After 4 iterations the fit converged.
final sum of squares of residuals : 73.5257
rel. change during last iteration : -1.58101e-13

degrees of freedom    (FIT_NDF)                        : 197
rms of residuals      (FIT_STDFIT) = sqrt(WSSR/ndf)    : 0.610923
variance of residuals (reduced chisquare) = WSSR/ndf   : 0.373227

Final set of parameters            Asymptotic Standard Error
=======================            ==========================
lc              = 2.34241          +/- 0.1971       (8.414%)
gamma           = 2.70539          +/- 0.04437      (1.64%)

correlation matrix of the fit parameters:
                lc     gamma  
lc              1.000 
gamma           0.976  1.000 


*******************************************************************************
Wed Jan  4 08:17:18 2023


FIT:    data read from 'donnee_distribution_des_degres.dat' using (log($1)):(log($2))
        format = x:z
        #datapoints = 199
        residuals are weighted equally (unit weight)

function used for fitting: f(x)
	f(x) = lc - gamma * x
fitted parameters initialized with current variable values

iter      chisq       delta/lim  lambda   lc            gamma        
   0 7.9034085045e+03   0.00e+00  3.22e+00    1.000000e+00   1.000000e+00
   4 7.3525679675e+01  -1.58e-08  3.22e-04    2.342408e+00   2.705388e+00

After 4 iterations the fit converged.
final sum of squares of residuals : 73.5257
rel. change during last iteration : -1.58101e-13

degrees of freedom    (FIT_NDF)                        : 197
rms of residuals      (FIT_STDFIT) = sqrt(WSSR/ndf)    : 0.610923
variance of residuals (reduced chisquare) = WSSR/ndf   : 0.373227

Final set of parameters            Asymptotic Standard Error
=======================            ==========================
lc              = 2.34241          +/- 0.1971       (8.414%)
gamma           = 2.70539          +/- 0.04437      (1.64%)

correlation matrix of the fit parameters:
                lc     gamma  
lc              1.000 
gamma           0.976  1.000 


*******************************************************************************
Mon Jan 16 14:39:00 2023


FIT:    data read from "dataDegreeDist_graphe_alea.dat" using (log($1)):(log($2))
        format = x:z
        #datapoints = 46
        residuals are weighted equally (unit weight)

function used for fitting: f(x)
	f(x) = lc - gamma * x
fitted parameters initialized with current variable values

iter      chisq       delta/lim  lambda   lc            gamma        
   0 1.6628849919e+03   0.00e+00  2.25e+00    1.000000e+00   1.000000e+00
   4 1.3589891643e+02  -2.75e-08  2.25e-04    3.022046e+00   3.534986e+00

After 4 iterations the fit converged.
final sum of squares of residuals : 135.899
rel. change during last iteration : -2.75017e-13

degrees of freedom    (FIT_NDF)                        : 44
rms of residuals      (FIT_STDFIT) = sqrt(WSSR/ndf)    : 1.75744
variance of residuals (reduced chisquare) = WSSR/ndf   : 3.08861

Final set of parameters            Asymptotic Standard Error
=======================            ==========================
lc              = 3.02205          +/- 0.8927       (29.54%)
gamma           = 3.53499          +/- 0.2952       (8.35%)

correlation matrix of the fit parameters:
                lc     gamma  
lc              1.000 
gamma           0.957  1.000 


*******************************************************************************
Mon Jan 16 14:59:30 2023


FIT:    data read from "dataDegreeDist_gaphe_BAN.dat" using (log($1)):(log($2))
        format = x:z
        #datapoints = 314
        residuals are weighted equally (unit weight)

function used for fitting: f(x)
	f(x) = lc - gamma * x
fitted parameters initialized with current variable values

iter      chisq       delta/lim  lambda   lc            gamma        
   0 1.4821032393e+04   0.00e+00  3.62e+00    1.000000e+00   1.000000e+00
   3 2.4592192841e+02  -8.18e-02  3.62e-03   -1.453719e-01   2.133861e+00

After 3 iterations the fit converged.
final sum of squares of residuals : 245.922
rel. change during last iteration : -8.18424e-07

degrees of freedom    (FIT_NDF)                        : 312
rms of residuals      (FIT_STDFIT) = sqrt(WSSR/ndf)    : 0.887813
variance of residuals (reduced chisquare) = WSSR/ndf   : 0.788211

Final set of parameters            Asymptotic Standard Error
=======================            ==========================
lc              = -0.145372        +/- 0.225        (154.8%)
gamma           = 2.13386          +/- 0.04483      (2.101%)

correlation matrix of the fit parameters:
                lc     gamma  
lc              1.000 
gamma           0.975  1.000 
